C51 COMPILER V9.05   BUZZER                                                                06/04/2021 22:16:05 PAGE 1   


C51 COMPILER V9.05, COMPILATION OF MODULE BUZZER
OBJECT MODULE PLACED IN Buzzer.OBJ
COMPILER INVOKED BY: L:\单片机\keil\KEIL4\C51\BIN\C51.EXE Buzzer.c BROWSE DEBUG OBJECTEXTEND

line level    source

   1          #include <reg52.h>
   2          #include "塔防游戏.h"
   3          
   4          extern uchar idata n;
   5          
   6          void Beep()//蜂鸣器高低频变化
   7          {
   8   1              beep=~beep;//进行高低电平的转换，‘~’是取反符号
   9   1              delay_ms(1);
  10   1      }
  11          
  12          void buzzer_d()//蜂鸣器发出提示音
  13          {
  14   1              n=255;
  15   1              while(n)
  16   1              {
  17   2                      Beep();
  18   2                      n--;
  19   2              }
  20   1      }


MODULE INFORMATION:   STATIC OVERLAYABLE
   CODE SIZE        =     23    ----
   CONSTANT SIZE    =   ----    ----
   XDATA SIZE       =   ----    ----
   PDATA SIZE       =   ----    ----
   DATA SIZE        =   ----    ----
   IDATA SIZE       =   ----    ----
   BIT SIZE         =   ----    ----
END OF MODULE INFORMATION.


C51 COMPILATION COMPLETE.  0 WARNING(S),  0 ERROR(S)
