C51 COMPILER V9.05   DCOMMUNICATION_R                                                      06/04/2021 22:16:05 PAGE 1   


C51 COMPILER V9.05, COMPILATION OF MODULE DCOMMUNICATION_R
OBJECT MODULE PLACED IN Dcommunication_R.OBJ
COMPILER INVOKED BY: L:\单片机\keil\KEIL4\C51\BIN\C51.EXE Dcommunication_R.c BROWSE DEBUG OBJECTEXTEND

line level    source

   1          #include <reg52.h>
   2          #include "塔防游戏.h"
   3          
   4          void init_R()//对接收方进行初始化
   5          {
   6   1              TMOD=0x21;//设定T1定时器工作方式2，定时器0为工作方式1对敌人的移动进行改变
   7   1              TH1=0xfd;
   8   1              TL1=0xfd;//定时器TH1,TL1装初值
   9   1              TR1=1;//启动T1计时器
  10   1      
  11   1              SM0=0;
  12   1              SM1=1;//设置串口工作方式为1
  13   1              REN=1;//打开允许接受端
  14   1      
  15   1              EA=1;//开总中断
  16   1              ES=1;//开串口中断
  17   1      }
  18          
  19          void ser() interrupt 4//定时器中断
  20          {
  21   1              if(RI==1)
  22   1              {
  23   2                      RI=0;//接收中断标志位，接受到停止位的时候内部会置1，发起中断，所以要手动置0；
  24   2                      receive_data=SBUF;
  25   2              }
  26   1      }
  27          
  28          
  29          
  30          


MODULE INFORMATION:   STATIC OVERLAYABLE
   CODE SIZE        =     31    ----
   CONSTANT SIZE    =   ----    ----
   XDATA SIZE       =   ----    ----
   PDATA SIZE       =   ----    ----
   DATA SIZE        =   ----    ----
   IDATA SIZE       =   ----    ----
   BIT SIZE         =   ----    ----
END OF MODULE INFORMATION.


C51 COMPILATION COMPLETE.  0 WARNING(S),  0 ERROR(S)
