C51 COMPILER V9.05   LCD____                                                               05/08/2021 16:13:34 PAGE 1   


C51 COMPILER V9.05, COMPILATION OF MODULE LCD____
OBJECT MODULE PLACED IN lcd字库.OBJ
COMPILER INVOKED BY: L:\单片机\keil\KEIL4\C51\BIN\C51.EXE lcd字库.c BROWSE DEBUG OBJECTEXTEND

line level    source

   1          #include <reg52.h>
   2          #include <intrins.h>
   3          #include "塔防游戏.h"
   4          
   5          //游戏名
   6          uchar code youximing[]=
   7          {
   8                  0x01,0x00,0x01,0x00,0x79,0x00,0x49,0xFE,0x4A,0x80,0x4A,0x80,0x4C,0x80,0x78,0xF8,
   9                  0x48,0x80,0x48,0x80,0x48,0x80,0x48,0xFC,0x78,0x80,0x48,0x80,0x00,0x80,0x00,0x80,/*"昨",0*/
  10                  0x00,0x00,0x1F,0xF0,0x10,0x10,0x10,0x10,0x10,0x10,0x10,0x10,0x10,0x10,0x1F,0xF0,
  11                  0x10,0x10,0x10,0x10,0x10,0x10,0x10,0x10,0x10,0x10,0x10,0x10,0x1F,0xF0,0x10,0x10,/*"日",1*/
  12                  0x02,0x00,0x01,0x00,0x01,0x00,0xFF,0xFE,0x04,0x00,0x04,0x00,0x04,0x00,0x07,0xF0,
  13                  0x04,0x10,0x04,0x10,0x04,0x10,0x08,0x10,0x08,0x10,0x10,0x10,0x20,0xA0,0x40,0x40,/*"方",2*/
  14                  0x02,0x00,0x04,0x00,0x1F,0xF0,0x10,0x10,0x12,0x10,0x11,0x10,0x11,0x10,0xFF,0xFE,
  15                  0x10,0x10,0x12,0x10,0x11,0x10,0x11,0x10,0x20,0x10,0x20,0x10,0x40,0x50,0x80,0x20,/*"舟",3*/
  16                  0x00,0x00,0x10,0x00,0x10,0x00,0x10,0x00,0x10,0x00,0x10,0x00,0x10,0x00,0x10,0x00,
  17                  0x10,0x00,0x10,0x00,0x00,0x00,0x00,0x00,0x10,0x00,0x10,0x00,0x00,0x00,0x00,0x00,/*"！",4*/
  18          }  ;
  19          
  20          //游戏公司名字（虚假）
  21          uchar  code youxigonsi[]=
  22          {
  23                  0x10,0x00,0x11,0xF8,0x3D,0x08,0x21,0x08,0x41,0xF8,0xBD,0x08,0x11,0x08,0x11,0xF8,
  24                  0xFD,0x44,0x11,0x48,0x11,0x30,0x11,0x20,0x15,0x10,0x19,0x48,0x11,0x86,0x01,0x00,/*"银",0*/
  25                  0x08,0x00,0x08,0x00,0x1F,0xE0,0x20,0x20,0x40,0x40,0xBF,0xF8,0x21,0x08,0x21,0x08,
  26                  0x3F,0xF8,0x21,0x08,0x21,0x08,0x3F,0xF8,0x21,0x08,0x41,0x08,0x41,0x28,0x80,0x10,/*"角",1*/
  27                  0x00,0x00,0x7F,0xFC,0x40,0x04,0x40,0x04,0x42,0x14,0x52,0x94,0x4A,0x54,0x44,0x24,
  28                  0x44,0x24,0x4A,0x54,0x4A,0x54,0x52,0x94,0x61,0x04,0x40,0x04,0x40,0x14,0x40,0x08,/*"网",2*/
  29                  0x10,0x80,0x10,0x80,0x20,0xF8,0x21,0x08,0x4B,0x10,0xFC,0xA0,0x10,0x40,0x20,0xA0,
  30                  0x41,0x18,0xFA,0x06,0x45,0xF8,0x01,0x08,0x19,0x08,0xE1,0x08,0x41,0xF8,0x01,0x08,/*"络",3*/
  31          } ;


MODULE INFORMATION:   STATIC OVERLAYABLE
   CODE SIZE        =   ----    ----
   CONSTANT SIZE    =    288    ----
   XDATA SIZE       =   ----    ----
   PDATA SIZE       =   ----    ----
   DATA SIZE        =   ----    ----
   IDATA SIZE       =   ----    ----
   BIT SIZE         =   ----    ----
END OF MODULE INFORMATION.


C51 COMPILATION COMPLETE.  0 WARNING(S),  0 ERROR(S)
