C51 COMPILER V9.05   PICTURE                                                               06/04/2021 22:16:05 PAGE 1   


C51 COMPILER V9.05, COMPILATION OF MODULE PICTURE
OBJECT MODULE PLACED IN picture.OBJ
COMPILER INVOKED BY: L:\单片机\keil\KEIL4\C51\BIN\C51.EXE picture.c BROWSE DEBUG OBJECTEXTEND

line level    source

   1          #include <reg52.h>
   2          #include "塔防游戏.h"
   3          #include "tuxiangku.h"
   4          
   5          uint idata score[6]={0,0,0,0,0,0};
   6          
   7          void mainmeun()//游戏开始前的主菜单界面
   8          {
   9   1              LM4229_init();
  10   1              LM4229_clear();
  11   1              //昨日方舟
  12   1              dprintf(&Y_X_M[0],12,24);
  13   1              dprintf(&Y_X_M[32],14,24);
  14   1              dprintf(&Y_X_M[64],16,24);
  15   1              dprintf(&Y_X_M[96],18,24);
  16   1              dprintf(&Y_X_M[128],20,24);
  17   1      
  18   1              dprintf(test,10,20);
  19   1              dprintf(test,8,20);
  20   1              dprintf(test,9,20+15);
  21   1              //菜单选项
  22   1              dprintf(&new[0],11,55);
  23   1              dprintf(&new[32],13,55);
  24   1              dprintf(&new[64],15,55);//新游戏
  25   1      
  26   1              dprintf(&old[0],11,55+17);
  27   1              dprintf(&old[32],13,55+17);
  28   1              dprintf(&old[64],15,55+17);
  29   1              dprintf(&old[96],17,55+17);
  30   1      
  31   1      
  32   1              dprintf(&list[0],11,55+17+17);
  33   1              dprintf(&list[32],13,55+17+17);
  34   1              dprintf(&list[64],15,55+17+17);//排行榜
  35   1      
  36   1      }
  37          
  38          void choosemenu(uchar x)
  39          {
  40   1              dprintf(&choose[0],20,55+x*15);//选择箭头
  41   1      }
  42          void cachu(uchar x)//擦除前面箭头的函数
  43          {
  44   1              dprintf(&clear[0],20,55+x*15);
  45   1      }
  46          void gameinterface()//用来给游戏界面分区
  47          {
  48   1              int i;
  49   1              for(i=0;i<30;i=i+2)
  50   1              {
  51   2                      dprintf(huafenhenxian,i,15);
  52   2              }
  53   1      
  54   1              dprintf(&diren[0],2,0);
  55   1              dprintf(&diren[32],4,0);//敌人
C51 COMPILER V9.05   PICTURE                                                               06/04/2021 22:16:05 PAGE 2   

  56   1      
  57   1              dprintf(&qian[0],22,0);
  58   1              dprintf(&qian[32],24,0); //金币
  59   1      
  60   1      }
  61          
  62          void youxixinxi(uchar a,uchar b,uchar bai,uchar shi,uchar ge)//游戏内信息
  63          {
  64   1              charprintf(&shuzi[a*16],6,0);
  65   1      
  66   1              charprintf(&shuzi[b*16],14,0);
  67   1      
  68   1              charprintf(&shuzi[bai*16],26,0);
  69   1              charprintf(&shuzi[shi*16],27,0);
  70   1              charprintf(&shuzi[ge*16],28,0);
  71   1      }
  72          
  73          void first()//第一关地图
  74          {
  75   1              int i;
  76   1      
  77   1              LM4229_clear();//清屏
  78   1      
  79   1              gameinterface();//给游戏划分信息区域
  80   1      
  81   1              dprintf(enemyhome,2,56);
  82   1              dprintf(home,26,56+15);
  83   1      
  84   1               //上半边
  85   1              for(i=4;i<18;i=i+2)
  86   1              {
  87   2                      dprintf(placed,i,56-15);
  88   2              }
  89   1              for(i=18;i<26;i=i+2)
  90   1              {
  91   2                      dprintf(placed,i,56);
  92   2              }
  93   1              //下半边
  94   1              for(i=4;i<16;i=i+2)
  95   1              {
  96   2                      dprintf(placed,i,56+15);
  97   2              }
  98   1              for(i=16;i<26;i=i+2)
  99   1              {
 100   2                      dprintf(placed,i,56+30);
 101   2              }
 102   1      
 103   1              init_T0();//开启计时器0准备让画面动起来
 104   1              initfirstmove();
 105   1              HP=3;
 106   1              direnshuliang=2; //敌人数量为3
 107   1              jingbi=100;
 108   1      
 109   1              guangbiaox=1*2;
 110   1              guangbiaoy=3*2;
 111   1      }
 112          
 113          void shibaijiemian()//游戏失败界面
 114          {
 115   1              LM4229_clear();
 116   1              //游戏失败
 117   1              dprintf(&shibai[0],10,56);
C51 COMPILER V9.05   PICTURE                                                               06/04/2021 22:16:05 PAGE 3   

 118   1              dprintf(&shibai[32],12,56);
 119   1              dprintf(&shibai[64],14,56);
 120   1              dprintf(&shibai[96],16,56);
 121   1      }
 122          void chengongjiemian()//游戏成功界面
 123          {
 124   1              LM4229_clear();
 125   1              //游戏成功
 126   1              dprintf(&chengong[0],10,56);
 127   1              dprintf(&chengong[32],12,56);
 128   1              dprintf(&chengong[64],14,56);
 129   1              dprintf(&chengong[96],16,56);
 130   1              dprintf(&chengong[128],18,56);
 131   1      }
 132          
 133          void paihanbang()//排行榜页面
 134          {
 135   1              uchar i,j;
 136   1              LM4229_clear();
 137   1              Reeprom();
 138   1              for(i=0;i<5;i++)
 139   1              {
 140   2                      for(j=0;j<3;j++)
 141   2                      {
 142   3                              charprintf(&paihan[j*16],8+j,31+i*15);
 143   3                      }
 144   2                      charprintf(&shuzi[(i+1)*16],8+j,31+i*15);
 145   2                      paihanbangfenshu(i,j,score[i]);
 146   2              }
 147   1      }
 148          
 149          void paihanbangfenshu(uchar i,uchar j,uint p)
 150          {
 151   1              charprintf(&shuzi[(p/1000)*16],10+j+1,31+i*15);
 152   1              charprintf(&shuzi[(p/100-p/1000*10)*16],10+j+2,31+i*15);
 153   1              charprintf(&shuzi[(p/10-p/100*10)*16],10+j+3,31+i*15);
 154   1              charprintf(&shuzi[0*16],10+j+4,31+i*15);
 155   1      }
 156          
 157          void jixuyouxi()//继续游戏里面的选关二级菜单
 158          {
 159   1              uchar i;
 160   1              LM4229_clear();
 161   1              for(i=0;i<5;i++)
 162   1              {
 163   2                      dprintf(&xuanguan[0*32],12,31+i*17);
 164   2                      charprintf(&shuzi[(i+1)*16],14,31+i*17);
 165   2                      dprintf(&xuanguan[1*32],15,31+i*17);
 166   2              }
 167   1      }
 168          
 169          //****************************************************
 170          void second()//第二关的界面函数
 171          {
 172   1              uchar i;
 173   1      
 174   1              LM4229_clear();
 175   1      
 176   1              youxifenqu();//游戏静态画面
 177   1      
 178   1              dprintf(enemyhome,0,16*1);
 179   1              dprintf(home,12,16*7);
C51 COMPILER V9.05   PICTURE                                                               06/04/2021 22:16:05 PAGE 4   

 180   1      
 181   1              //游戏内地图布局
 182   1              for(i=0;i<6;i++)
 183   1              {
 184   2                      dprintf(placed,2+i*2,0);
 185   2              }
 186   1              for(i=0;i<6;i++)
 187   1              {
 188   2                      dprintf(placed,12,16+i*16);
 189   2              }
 190   1              for(i=0;i<4;i++)
 191   1              {
 192   2                      dprintf(placed,2+i*2,16*2);
 193   2              }
 194   1              for(i=0;i<3;i++)
 195   1              {
 196   2                      dprintf(placed,8,16*2+i*16);
 197   2              }
 198   1              for(i=0;i<3;i++)
 199   1              {
 200   2                      dprintf(placed,6-i*2,16*4);
 201   2              }
 202   1              for(i=0;i<3;i++)
 203   1              {
 204   2                      dprintf(placed,2,16*5+i*16);
 205   2              }
 206   1              for(i=0;i<3;i++)
 207   1              {
 208   2                      dprintf(placed,6+i*2,16*6);
 209   2              }
 210   1      }
 211          //*****************************************************
 212          //第三关
 213          void third()//第三关的界面函数
 214          {
 215   1              uchar i;
 216   1      
 217   1              LM4229_clear();
 218   1      
 219   1              youxifenqu();//游戏静态画面
 220   1      
 221   1              //游戏内地图布局
 222   1              dprintf(enemyhome,3*2,0*16);
 223   1              dprintf(home,3*2,16*7);
 224   1      
 225   1              dprintf(placed,2*2,16);
 226   1              dprintf(placed,4*2,16);//开局敌方基地旁边
 227   1      
 228   1              for(i=0;i<2;i++)
 229   1              {
 230   2                      dprintf(placed,3*2,(i+3)*16);
 231   2              }//中间两块石头
 232   1              for(i=0;i<6;i++)
 233   1              {
 234   2                      dprintf(placed,1*2,(i+1)*16);
 235   2                      dprintf(placed,5*2,(i+1)*16);//地图最外围
 236   2              }
 237   1              dprintf(placed,2*2,6*16);
 238   1              dprintf(placed,4*2,6*16);//对称的我方基地门口的石头
 239   1      }
 240          
 241          void youxifenqu()//游戏基础重合界面函数，减少代码复用性
C51 COMPILER V9.05   PICTURE                                                               06/04/2021 22:16:05 PAGE 5   

 242          {
 243   1              uchar i;
 244   1              //给区域划分静态信息
 245   1              for(i=0;i<9;i++)
 246   1              {
 247   2                      dprintf(huafenxian,14,i*14);
 248   2              }
 249   1              for(i=0;i<7;i++)
 250   1              {
 251   2                      dprintf(huafenhenxian,16+i*2,56);
 252   2              }
 253   1      
 254   1              dprintf(&diren[0],16,0);
 255   1              dprintf(&diren[32],18,0);//敌人
 256   1              charprintf(&zifu[0*16],21,0);
 257   1              charprintf(&shuzi[direnshuliang*16],22,0);
 258   1      
 259   1              dprintf(&qian[0],16,18);
 260   1              dprintf(&qian[32],18,18); //金币
 261   1      
 262   1              charprintf(&zifu[1*16],16,36);
 263   1              charprintf(&zifu[2*16],18,36);//HP
 264   1      
 265   1              for(i=0;i<3;i++)
 266   1              {
 267   2                      dprintf(&daojulang[i*32],20+i*2,56+14);
 268   2              }//道具栏
 269   1      }
 270          
 271          void youxixinxi2_0(HP,n,jingbi)//后续更新之后的关卡信息
 272          {
 273   1              uchar s,b;
 274   1      
 275   1              s=jingbi/10-jingbi/100*10;
 276   1              b=jingbi/100;
 277   1      
 278   1              charprintf(&shuzi[n*16],20,0);
 279   1      
 280   1              charprintf(&shuzi[b*16],20,18);
 281   1              charprintf(&shuzi[s*16],21,18);
 282   1              charprintf(&shuzi[0],22,18);
 283   1      
 284   1              charprintf(&shuzi[HP*16],20,36);
 285   1      }
 286          
 287          


MODULE INFORMATION:   STATIC OVERLAYABLE
   CODE SIZE        =   2707    ----
   CONSTANT SIZE    =   ----    ----
   XDATA SIZE       =   ----    ----
   PDATA SIZE       =   ----    ----
   DATA SIZE        =   ----      27
   IDATA SIZE       =     12    ----
   BIT SIZE         =   ----    ----
END OF MODULE INFORMATION.


C51 COMPILATION COMPLETE.  0 WARNING(S),  0 ERROR(S)
