C51 COMPILER V9.05   SELECT                                                                06/04/2021 22:16:05 PAGE 1   


C51 COMPILER V9.05, COMPILATION OF MODULE SELECT
OBJECT MODULE PLACED IN select.OBJ
COMPILER INVOKED BY: L:\单片机\keil\KEIL4\C51\BIN\C51.EXE select.c BROWSE DEBUG OBJECTEXTEND

line level    source

   1          #include <reg52.h>
   2          #include "塔防游戏.h"
   3          #include "tuxiangku.h"
   4          
   5          void xuanguang_meun(uchar x)//选关时候的动态函数
   6          {
   7   1              dprintf(&choose[0],18,31+guangqiachoose*17);
   8   1              while(1)
   9   1              {
  10   2                      switch(receive_data)
  11   2                      {
  12   3                      case 'u':
  13   3                              receive_data=0;
  14   3                              if(guangqiachoose==0)
  15   3                              {
  16   4                                      dprintf(clear,18,31+guangqiachoose*17);
  17   4                                      guangqiachoose=4;
  18   4                              }
  19   3                              else
  20   3                              {
  21   4                                      guangqiachoose--;
  22   4                              }
  23   3                              dprintf(&choose[0],18,31+guangqiachoose*17);
  24   3                              dprintf(clear,18,31+(guangqiachoose+1)*17);
  25   3                              break;
  26   3                      case 'd':
  27   3                              receive_data=0;
  28   3                              if(guangqiachoose==4)
  29   3                              {
  30   4                                      dprintf(clear,18,31+guangqiachoose*17);
  31   4                                      guangqiachoose=0;
  32   4                              }
  33   3                              else
  34   3                              {
  35   4                                      guangqiachoose++;
  36   4                              }
  37   3                              dprintf(&choose[0],18,31+guangqiachoose*17);
  38   3                              dprintf(clear,18,31+(guangqiachoose-1)*17);
  39   3                              break;
  40   3                      case 'y':
  41   3                              receive_data=0;
  42   3                              selectguangqia(guangqiachoose);
  43   3                              break;
  44   3                      case 'n':
  45   3                              receive_data=0;
  46   3                              mainmeun();
  47   3                              meun(x);
  48   3                              break;
  49   3                      default:break;
  50   3                      }
  51   2              }
  52   1      }
  53          
  54          void selectguangqia(uchar flagchoose)//把关卡选择封装成一个函数
  55          {
C51 COMPILER V9.05   SELECT                                                                06/04/2021 22:16:05 PAGE 2   

  56   1              buzzer_d();
  57   1              switch(guangqiachoose)
  58   1              {
  59   2              case 0:
  60   2                      diyiguang(flagchoose);
  61   2                      break;
  62   2              case 1:
  63   2                      dierguang();
  64   2                      break;
  65   2              case 2:
  66   2                      disanguan();
  67   2                      break;
  68   2      
  69   2              break;
  70   2              default:break;
  71   2              }
  72   1      }


MODULE INFORMATION:   STATIC OVERLAYABLE
   CODE SIZE        =    334    ----
   CONSTANT SIZE    =   ----    ----
   XDATA SIZE       =   ----    ----
   PDATA SIZE       =   ----    ----
   DATA SIZE        =   ----       2
   IDATA SIZE       =   ----    ----
   BIT SIZE         =   ----    ----
END OF MODULE INFORMATION.


C51 COMPILATION COMPLETE.  0 WARNING(S),  0 ERROR(S)
