C51 COMPILER V9.05   YAOKONGQIMAIN                                                         05/24/2021 15:25:55 PAGE 1   


C51 COMPILER V9.05, COMPILATION OF MODULE YAOKONGQIMAIN
OBJECT MODULE PLACED IN yaokongqimain.OBJ
COMPILER INVOKED BY: L:\单片机\keil\KEIL4\C51\BIN\C51.EXE yaokongqimain.c BROWSE DEBUG OBJECTEXTEND

line level    source

   1          #include<reg52.h>
   2          #include"遥控器.h"
   3          #include<Windows.h>
*** WARNING C318 IN LINE 3 OF yaokongqimain.c: can't open file 'Windows.h'
   4          uchar send_data=0;
   5          uchar receive_data=0;
   6          
   7          
   8          void delay_ms(uint i)//延时ms函数
   9          {
  10   1              uint x,y;
  11   1              for(x=0;x<i;x++)
  12   1                      for(y=0;y<110;y++)
  13   1              {
  14   2                      ;
  15   2              }
  16   1      }
  17          void main()
  18          {
  19   1              init();
  20   1              ET0=1;
  21   1              delay_ms(100);
  22   1              
  23   1              while(1)
  24   1              {
  25   2                      matrixkeyscan(); 
  26   2              }
  27   1      }


MODULE INFORMATION:   STATIC OVERLAYABLE
   CODE SIZE        =     49    ----
   CONSTANT SIZE    =   ----    ----
   XDATA SIZE       =   ----    ----
   PDATA SIZE       =   ----    ----
   DATA SIZE        =      2    ----
   IDATA SIZE       =   ----    ----
   BIT SIZE         =   ----    ----
END OF MODULE INFORMATION.


C51 COMPILATION COMPLETE.  1 WARNING(S),  0 ERROR(S)
