C51 COMPILER V9.05   ______                                                                05/24/2021 15:25:55 PAGE 1   


C51 COMPILER V9.05, COMPILATION OF MODULE ______
OBJECT MODULE PLACED IN 遥控器.OBJ
COMPILER INVOKED BY: L:\单片机\keil\KEIL4\C51\BIN\C51.EXE 遥控器.c BROWSE DEBUG OBJECTEXTEND

line level    source

   1          #include<reg52.h>
   2          #include"遥控器.h"
   3          void matrixkeyscan()//矩阵键盘扫描函数0
   4          {
   5   1              uchar temp;
   6   1              temp=key;
   7   1              if(key!=0xff)
   8   1              {
   9   2                      while(key!=0xff);//检测键盘释放
  10   2                      switch(temp)
  11   2                      {
  12   3                      case 0xfe:
  13   3                              send_data='l';
  14   3                              send();
  15   3                              send_data=0;//与接收同理发完就置0
  16   3                              break;
  17   3                      case 0xfd:
  18   3                              send_data='u';
  19   3                              send();
  20   3                              send_data=0;//与接收同理发完就置0
  21   3                              break;
  22   3                      case 0xfb:
  23   3                              send_data='r';
  24   3                              send();
  25   3                              send_data=0;//与接收同理发完就置0
  26   3                              break;
  27   3                      case 0xf7:
  28   3                              send_data='d';
  29   3                              send();
  30   3                              send_data=0;//与接收同理发完就置0
  31   3                              break;
  32   3                      case 0xef:
  33   3                              send_data='y';
  34   3                              send();
  35   3                              send_data=0;//与接收同理发完就置0
  36   3                              break;
  37   3                      case 0xdf:
  38   3                              send_data='n';
  39   3                              send();
  40   3                              send_data=0;//与接收同理发完就置0
  41   3                              break;
  42   3                      case 0xbf:
  43   3                              send_data='m';//remake
  44   3                              send();
  45   3                              send_data=0;//与接收同理发完就置0
  46   3                              break;
  47   3                      default:break;
  48   3                      }
  49   2              }
  50   1      }


MODULE INFORMATION:   STATIC OVERLAYABLE
   CODE SIZE        =     80    ----
   CONSTANT SIZE    =   ----    ----
C51 COMPILER V9.05   ______                                                                05/24/2021 15:25:55 PAGE 2   

   XDATA SIZE       =   ----    ----
   PDATA SIZE       =   ----    ----
   DATA SIZE        =   ----    ----
   IDATA SIZE       =   ----    ----
   BIT SIZE         =   ----    ----
END OF MODULE INFORMATION.


C51 COMPILATION COMPLETE.  0 WARNING(S),  0 ERROR(S)
